# JRE version: OpenJDK Runtime Environment (8.0_212-b04) (build 1.8.0_212-release-1586-b04)
# Java VM: OpenJDK 64-Bit Server VM (25.212-b04 mixed mode windows-amd64 compressed oops)
Heap:
 PSYoungGen      total 223744K, used 117474K [0x00000000e0000000, 0x00000000f0780000, 0x0000000100000000)
  eden space 203776K, 57% used [0x00000000e0000000,0x00000000e72b8a88,0x00000000ec700000)
  from space 19968K, 0% used [0x00000000ed980000,0x00000000ed980000,0x00000000eed00000)
  to   space 18944K, 0% used [0x00000000ec700000,0x00000000ec700000,0x00000000ed980000)
 ParOldGen       total 207872K, used 33345K [0x00000000a0000000, 0x00000000acb00000, 0x00000000e0000000)
  object space 207872K, 16% used [0x00000000a0000000,0x00000000a2090688,0x00000000acb00000)
 Metaspace       used 62669K, capacity 65024K, committed 65304K, reserved 1105920K
  class space    used 8600K, capacity 9160K, committed 9240K, reserved 1048576K
GC Heap History (10 events):
Event: 3.786 GC heap before
{Heap before GC invocations=9 (full 2):
 PSYoungGen      total 121344K, used 11715K [0x00000000e0000000, 0x00000000ec800000, 0x0000000100000000)
  eden space 109056K, 0% used [0x00000000e0000000,0x00000000e0000000,0x00000000e6a80000)
  from space 12288K, 95% used [0x00000000e6a80000,0x00000000e75f0e30,0x00000000e7680000)
  to   space 13312K, 0% used [0x00000000ebb00000,0x00000000ebb00000,0x00000000ec800000)
 ParOldGen       total 91648K, used 7689K [0x00000000a0000000, 0x00000000a5980000, 0x00000000e0000000)
  object space 91648K, 8% used [0x00000000a0000000,0x00000000a0782550,0x00000000a5980000)
 Metaspace       used 34578K, capacity 35466K, committed 35496K, reserved 1079296K
  class space    used 4761K, capacity 5014K, committed 5032K, reserved 1048576K
Event: 3.838 GC heap after
Heap after GC invocations=9 (full 2):
 PSYoungGen      total 121344K, used 0K [0x00000000e0000000, 0x00000000ec800000, 0x0000000100000000)
  eden space 109056K, 0% used [0x00000000e0000000,0x00000000e0000000,0x00000000e6a80000)
  from space 12288K, 0% used [0x00000000e6a80000,0x00000000e6a80000,0x00000000e7680000)
  to   space 13312K, 0% used [0x00000000ebb00000,0x00000000ebb00000,0x00000000ec800000)
 ParOldGen       total 142848K, used 18364K [0x00000000a0000000, 0x00000000a8b80000, 0x00000000e0000000)
  object space 142848K, 12% used [0x00000000a0000000,0x00000000a11ef370,0x00000000a8b80000)
 Metaspace       used 34530K, capacity 35304K, committed 35496K, reserved 1079296K
  class space    used 4746K, capacity 4987K, committed 5032K, reserved 1048576K
}
Event: 4.905 GC heap before
{Heap before GC invocations=10 (full 2):
 PSYoungGen      total 121344K, used 109056K [0x00000000e0000000, 0x00000000ec800000, 0x0000000100000000)
  eden space 109056K, 100% used [0x00000000e0000000,0x00000000e6a80000,0x00000000e6a80000)
  from space 12288K, 0% used [0x00000000e6a80000,0x00000000e6a80000,0x00000000e7680000)
  to   space 13312K, 0% used [0x00000000ebb00000,0x00000000ebb00000,0x00000000ec800000)
 ParOldGen       total 142848K, used 18364K [0x00000000a0000000, 0x00000000a8b80000, 0x00000000e0000000)
  object space 142848K, 12% used [0x00000000a0000000,0x00000000a11ef370,0x00000000a8b80000)
 Metaspace       used 45457K, capacity 46552K, committed 46632K, reserved 1089536K
  class space    used 6112K, capacity 6424K, committed 6440K, reserved 1048576K
Event: 4.913 GC heap after
Heap after GC invocations=10 (full 2):
 PSYoungGen      total 173568K, used 13294K [0x00000000e0000000, 0x00000000ec800000, 0x0000000100000000)
  eden space 160256K, 0% used [0x00000000e0000000,0x00000000e0000000,0x00000000e9c80000)
  from space 13312K, 99% used [0x00000000ebb00000,0x00000000ec7fbb30,0x00000000ec800000)
  to   space 14848K, 0% used [0x00000000eab00000,0x00000000eab00000,0x00000000eb980000)
 ParOldGen       total 142848K, used 19297K [0x00000000a0000000, 0x00000000a8b80000, 0x00000000e0000000)
  object space 142848K, 13% used [0x00000000a0000000,0x00000000a12d8578,0x00000000a8b80000)
 Metaspace       used 45457K, capacity 46552K, committed 46632K, reserved 1089536K
  class space    used 6112K, capacity 6424K, committed 6440K, reserved 1048576K
}
Event: 6.362 GC heap before
{Heap before GC invocations=11 (full 2):
 PSYoungGen      total 173568K, used 173550K [0x00000000e0000000, 0x00000000ec800000, 0x0000000100000000)
  eden space 160256K, 100% used [0x00000000e0000000,0x00000000e9c80000,0x00000000e9c80000)
  from space 13312K, 99% used [0x00000000ebb00000,0x00000000ec7fbb30,0x00000000ec800000)
  to   space 14848K, 0% used [0x00000000eab00000,0x00000000eab00000,0x00000000eb980000)
 ParOldGen       total 142848K, used 19297K [0x00000000a0000000, 0x00000000a8b80000, 0x00000000e0000000)
  object space 142848K, 13% used [0x00000000a0000000,0x00000000a12d8578,0x00000000a8b80000)
 Metaspace       used 56112K, capacity 57910K, committed 58152K, reserved 1099776K
  class space    used 7756K, capacity 8225K, committed 8232K, reserved 1048576K
Event: 6.377 GC heap after
Heap after GC invocations=11 (full 2):
 PSYoungGen      total 189952K, used 14829K [0x00000000e0000000, 0x00000000eed00000, 0x0000000100000000)
  eden space 175104K, 0% used [0x00000000e0000000,0x00000000e0000000,0x00000000eab00000)
  from space 14848K, 99% used [0x00000000eab00000,0x00000000eb97b7d0,0x00000000eb980000)
  to   space 19968K, 0% used [0x00000000ed980000,0x00000000ed980000,0x00000000eed00000)
 ParOldGen       total 142848K, used 27193K [0x00000000a0000000, 0x00000000a8b80000, 0x00000000e0000000)
  object space 142848K, 19% used [0x00000000a0000000,0x00000000a1a8e6b8,0x00000000a8b80000)
 Metaspace       used 56112K, capacity 57910K, committed 58152K, reserved 1099776K
  class space    used 7756K, capacity 8225K, committed 8232K, reserved 1048576K
}
Event: 6.567 GC heap before
{Heap before GC invocations=12 (full 2):
 PSYoungGen      total 189952K, used 34853K [0x00000000e0000000, 0x00000000eed00000, 0x0000000100000000)
  eden space 175104K, 11% used [0x00000000e0000000,0x00000000e138df60,0x00000000eab00000)
  from space 14848K, 99% used [0x00000000eab00000,0x00000000eb97b7d0,0x00000000eb980000)
  to   space 19968K, 0% used [0x00000000ed980000,0x00000000ed980000,0x00000000eed00000)
 ParOldGen       total 142848K, used 27193K [0x00000000a0000000, 0x00000000a8b80000, 0x00000000e0000000)
  object space 142848K, 19% used [0x00000000a0000000,0x00000000a1a8e6b8,0x00000000a8b80000)
 Metaspace       used 57086K, capacity 59014K, committed 59160K, reserved 1099776K
  class space    used 7895K, capacity 8388K, committed 8472K, reserved 1048576K
Event: 6.575 GC heap after
Heap after GC invocations=12 (full 2):
 PSYoungGen      total 223744K, used 11434K [0x00000000e0000000, 0x00000000f0780000, 0x0000000100000000)
  eden space 203776K, 0% used [0x00000000e0000000,0x00000000e0000000,0x00000000ec700000)
  from space 19968K, 57% used [0x00000000ed980000,0x00000000ee4aaa50,0x00000000eed00000)
  to   space 18944K, 0% used [0x00000000ec700000,0x00000000ec700000,0x00000000ed980000)
 ParOldGen       total 142848K, used 32770K [0x00000000a0000000, 0x00000000a8b80000, 0x00000000e0000000)
  object space 142848K, 22% used [0x00000000a0000000,0x00000000a2000920,0x00000000a8b80000)
 Metaspace       used 57086K, capacity 59014K, committed 59160K, reserved 1099776K
  class space    used 7895K, capacity 8388K, committed 8472K, reserved 1048576K
}
Event: 6.575 GC heap before
{Heap before GC invocations=13 (full 3):
 PSYoungGen      total 223744K, used 11434K [0x00000000e0000000, 0x00000000f0780000, 0x0000000100000000)
  eden space 203776K, 0% used [0x00000000e0000000,0x00000000e0000000,0x00000000ec700000)
  from space 19968K, 57% used [0x00000000ed980000,0x00000000ee4aaa50,0x00000000eed00000)
  to   space 18944K, 0% used [0x00000000ec700000,0x00000000ec700000,0x00000000ed980000)
 ParOldGen       total 142848K, used 32770K [0x00000000a0000000, 0x00000000a8b80000, 0x00000000e0000000)
  object space 142848K, 22% used [0x00000000a0000000,0x00000000a2000920,0x00000000a8b80000)
 Metaspace       used 57086K, capacity 59014K, committed 59160K, reserved 1099776K
  class space    used 7895K, capacity 8388K, committed 8472K, reserved 1048576K
Event: 6.768 GC heap after
Heap after GC invocations=13 (full 3):
 PSYoungGen      total 223744K, used 0K [0x00000000e0000000, 0x00000000f0780000, 0x0000000100000000)
  eden space 203776K, 0% used [0x00000000e0000000,0x00000000e0000000,0x00000000ec700000)
  from space 19968K, 0% used [0x00000000ed980000,0x00000000ed980000,0x00000000eed00000)
  to   space 18944K, 0% used [0x00000000ec700000,0x00000000ec700000,0x00000000ed980000)
 ParOldGen       total 207872K, used 33345K [0x00000000a0000000, 0x00000000acb00000, 0x00000000e0000000)
  object space 207872K, 16% used [0x00000000a0000000,0x00000000a2090688,0x00000000acb00000)
 Metaspace       used 57086K, capacity 59014K, committed 59160K, reserved 1099776K
  class space    used 7895K, capacity 8388K, committed 8472K, reserved 1048576K
}

