# JRE version: OpenJDK Runtime Environment (8.0_202-b03) (build 1.8.0_202-release-1483-b03)
# Java VM: OpenJDK 64-Bit Server VM (25.202-b03 mixed mode windows-amd64 compressed oops)
Heap:
 PSYoungGen      total 149504K, used 110812K [0x00000000e0000000, 0x00000000ec980000, 0x0000000100000000)
  eden space 132096K, 83% used [0x00000000e0000000,0x00000000e6c37210,0x00000000e8100000)
  from space 17408K, 0% used [0x00000000e8100000,0x00000000e8100000,0x00000000e9200000)
  to   space 20992K, 0% used [0x00000000eb500000,0x00000000eb500000,0x00000000ec980000)
 ParOldGen       total 266752K, used 35975K [0x00000000a0000000, 0x00000000b0480000, 0x00000000e0000000)
  object space 266752K, 13% used [0x00000000a0000000,0x00000000a2321d18,0x00000000b0480000)
 Metaspace       used 62223K, capacity 64204K, committed 64600K, reserved 1105920K
  class space    used 8266K, capacity 8712K, committed 8832K, reserved 1048576K
GC Heap History (10 events):
Event: 4.774 GC heap before
{Heap before GC invocations=8 (full 2):
 PSYoungGen      total 112128K, used 11395K [0x00000000e0000000, 0x00000000e7d00000, 0x0000000100000000)
  eden space 99840K, 0% used [0x00000000e0000000,0x00000000e0000000,0x00000000e6180000)
  from space 12288K, 92% used [0x00000000e6e80000,0x00000000e79a0d48,0x00000000e7a80000)
  to   space 13312K, 0% used [0x00000000e6180000,0x00000000e6180000,0x00000000e6e80000)
 ParOldGen       total 108544K, used 11164K [0x00000000a0000000, 0x00000000a6a00000, 0x00000000e0000000)
  object space 108544K, 10% used [0x00000000a0000000,0x00000000a0ae7088,0x00000000a6a00000)
 Metaspace       used 34580K, capacity 35330K, committed 35416K, reserved 1079296K
  class space    used 4760K, capacity 4960K, committed 4992K, reserved 1048576K
Event: 4.834 GC heap after
Heap after GC invocations=8 (full 2):
 PSYoungGen      total 112128K, used 0K [0x00000000e0000000, 0x00000000e7d00000, 0x0000000100000000)
  eden space 99840K, 0% used [0x00000000e0000000,0x00000000e0000000,0x00000000e6180000)
  from space 12288K, 0% used [0x00000000e6e80000,0x00000000e6e80000,0x00000000e7a80000)
  to   space 13312K, 0% used [0x00000000e6180000,0x00000000e6180000,0x00000000e6e80000)
 ParOldGen       total 178176K, used 17917K [0x00000000a0000000, 0x00000000aae00000, 0x00000000e0000000)
  object space 178176K, 10% used [0x00000000a0000000,0x00000000a117f468,0x00000000aae00000)
 Metaspace       used 34532K, capacity 35168K, committed 35416K, reserved 1079296K
  class space    used 4745K, capacity 4933K, committed 4992K, reserved 1048576K
}
Event: 5.781 GC heap before
{Heap before GC invocations=9 (full 2):
 PSYoungGen      total 112128K, used 99840K [0x00000000e0000000, 0x00000000e7d00000, 0x0000000100000000)
  eden space 99840K, 100% used [0x00000000e0000000,0x00000000e6180000,0x00000000e6180000)
  from space 12288K, 0% used [0x00000000e6e80000,0x00000000e6e80000,0x00000000e7a80000)
  to   space 13312K, 0% used [0x00000000e6180000,0x00000000e6180000,0x00000000e6e80000)
 ParOldGen       total 178176K, used 17917K [0x00000000a0000000, 0x00000000aae00000, 0x00000000e0000000)
  object space 178176K, 10% used [0x00000000a0000000,0x00000000a117f468,0x00000000aae00000)
 Metaspace       used 44865K, capacity 45640K, committed 45912K, reserved 1089536K
  class space    used 6019K, capacity 6242K, committed 6272K, reserved 1048576K
Event: 5.791 GC heap after
Heap after GC invocations=9 (full 2):
 PSYoungGen      total 113152K, used 13287K [0x00000000e0000000, 0x00000000ea080000, 0x0000000100000000)
  eden space 99840K, 0% used [0x00000000e0000000,0x00000000e0000000,0x00000000e6180000)
  from space 13312K, 99% used [0x00000000e6180000,0x00000000e6e79d88,0x00000000e6e80000)
  to   space 14848K, 0% used [0x00000000e9200000,0x00000000e9200000,0x00000000ea080000)
 ParOldGen       total 178176K, used 18078K [0x00000000a0000000, 0x00000000aae00000, 0x00000000e0000000)
  object space 178176K, 10% used [0x00000000a0000000,0x00000000a11a7988,0x00000000aae00000)
 Metaspace       used 44865K, capacity 45640K, committed 45912K, reserved 1089536K
  class space    used 6019K, capacity 6242K, committed 6272K, reserved 1048576K
}
Event: 6.572 GC heap before
{Heap before GC invocations=10 (full 2):
 PSYoungGen      total 113152K, used 113127K [0x00000000e0000000, 0x00000000ea080000, 0x0000000100000000)
  eden space 99840K, 100% used [0x00000000e0000000,0x00000000e6180000,0x00000000e6180000)
  from space 13312K, 99% used [0x00000000e6180000,0x00000000e6e79d88,0x00000000e6e80000)
  to   space 14848K, 0% used [0x00000000e9200000,0x00000000e9200000,0x00000000ea080000)
 ParOldGen       total 178176K, used 18078K [0x00000000a0000000, 0x00000000aae00000, 0x00000000e0000000)
  object space 178176K, 10% used [0x00000000a0000000,0x00000000a11a7988,0x00000000aae00000)
 Metaspace       used 51582K, capacity 52880K, committed 53208K, reserved 1095680K
  class space    used 6984K, capacity 7335K, committed 7424K, reserved 1048576K
Event: 6.587 GC heap after
Heap after GC invocations=10 (full 2):
 PSYoungGen      total 146944K, used 14841K [0x00000000e0000000, 0x00000000eaa00000, 0x0000000100000000)
  eden space 132096K, 0% used [0x00000000e0000000,0x00000000e0000000,0x00000000e8100000)
  from space 14848K, 99% used [0x00000000e9200000,0x00000000ea07e6d8,0x00000000ea080000)
  to   space 17408K, 0% used [0x00000000e8100000,0x00000000e8100000,0x00000000e9200000)
 ParOldGen       total 178176K, used 20440K [0x00000000a0000000, 0x00000000aae00000, 0x00000000e0000000)
  object space 178176K, 11% used [0x00000000a0000000,0x00000000a13f6028,0x00000000aae00000)
 Metaspace       used 51582K, capacity 52880K, committed 53208K, reserved 1095680K
  class space    used 6984K, capacity 7335K, committed 7424K, reserved 1048576K
}
Event: 7.482 GC heap before
{Heap before GC invocations=11 (full 2):
 PSYoungGen      total 146944K, used 106024K [0x00000000e0000000, 0x00000000eaa00000, 0x0000000100000000)
  eden space 132096K, 69% used [0x00000000e0000000,0x00000000e590b9d8,0x00000000e8100000)
  from space 14848K, 99% used [0x00000000e9200000,0x00000000ea07e6d8,0x00000000ea080000)
  to   space 17408K, 0% used [0x00000000e8100000,0x00000000e8100000,0x00000000e9200000)
 ParOldGen       total 178176K, used 20440K [0x00000000a0000000, 0x00000000aae00000, 0x00000000e0000000)
  object space 178176K, 11% used [0x00000000a0000000,0x00000000a13f6028,0x00000000aae00000)
 Metaspace       used 57340K, capacity 58960K, committed 59028K, reserved 1099776K
  class space    used 7824K, capacity 8176K, committed 8192K, reserved 1048576K
Event: 7.495 GC heap after
Heap after GC invocations=11 (full 2):
 PSYoungGen      total 149504K, used 17381K [0x00000000e0000000, 0x00000000ec980000, 0x0000000100000000)
  eden space 132096K, 0% used [0x00000000e0000000,0x00000000e0000000,0x00000000e8100000)
  from space 17408K, 99% used [0x00000000e8100000,0x00000000e91f97e0,0x00000000e9200000)
  to   space 20992K, 0% used [0x00000000eb500000,0x00000000eb500000,0x00000000ec980000)
 ParOldGen       total 178176K, used 24002K [0x00000000a0000000, 0x00000000aae00000, 0x00000000e0000000)
  object space 178176K, 13% used [0x00000000a0000000,0x00000000a1770af8,0x00000000aae00000)
 Metaspace       used 57340K, capacity 58960K, committed 59028K, reserved 1099776K
  class space    used 7824K, capacity 8176K, committed 8192K, reserved 1048576K
}
Event: 7.495 GC heap before
{Heap before GC invocations=12 (full 3):
 PSYoungGen      total 149504K, used 17381K [0x00000000e0000000, 0x00000000ec980000, 0x0000000100000000)
  eden space 132096K, 0% used [0x00000000e0000000,0x00000000e0000000,0x00000000e8100000)
  from space 17408K, 99% used [0x00000000e8100000,0x00000000e91f97e0,0x00000000e9200000)
  to   space 20992K, 0% used [0x00000000eb500000,0x00000000eb500000,0x00000000ec980000)
 ParOldGen       total 178176K, used 24002K [0x00000000a0000000, 0x00000000aae00000, 0x00000000e0000000)
  object space 178176K, 13% used [0x00000000a0000000,0x00000000a1770af8,0x00000000aae00000)
 Metaspace       used 57340K, capacity 58960K, committed 59028K, reserved 1099776K
  class space    used 7824K, capacity 8176K, committed 8192K, reserved 1048576K
Event: 7.651 GC heap after
Heap after GC invocations=12 (full 3):
 PSYoungGen      total 149504K, used 0K [0x00000000e0000000, 0x00000000ec980000, 0x0000000100000000)
  eden space 132096K, 0% used [0x00000000e0000000,0x00000000e0000000,0x00000000e8100000)
  from space 17408K, 0% used [0x00000000e8100000,0x00000000e8100000,0x00000000e9200000)
  to   space 20992K, 0% used [0x00000000eb500000,0x00000000eb500000,0x00000000ec980000)
 ParOldGen       total 266752K, used 35975K [0x00000000a0000000, 0x00000000b0480000, 0x00000000e0000000)
  object space 266752K, 13% used [0x00000000a0000000,0x00000000a2321d18,0x00000000b0480000)
 Metaspace       used 57301K, capacity 58858K, committed 59028K, reserved 1099776K
  class space    used 7812K, capacity 8155K, committed 8192K, reserved 1048576K
}

